Arguments: 
  /Users/gevik/.nvm/versions/node/v12.16.3/bin/node /Users/gevik/.yarn/bin/yarn.js add @proj/library

PATH: 
  /Users/gevik/.cargo/bin:/Users/gevik/Library/Android/sdk//tools:/Users/gevik/Library/Android/sdk//platform-tools:/Library/Java/JavaVirtualMachines/jdk1.8.0_20.jdk/Contents/Home/bin:/Library/Frameworks/Python.framework/Versions/3.7/bin:/Users/gevik/.nvm/versions/node/v12.16.3/bin:/usr/local/go/bin:~/.dotnet/tools:/usr/local/php5/bin:/Users/gevik/.composer/vendor/bin:/usr/local/bin:/usr/bin:/bin:/usr/sbin:/sbin:/usr/local/git/bin:/Users/gevik/bin:/Applications/Visual Studio Code.app/Contents/Resources/app/bin:/Users/gevik/Library/Android/sdk//platform-tools:/Users/gevik/Library/Android/sdk//tools:/Users/gevik/.yarn/bin

Yarn version: 
  1.22.4

Node version: 
  12.16.3

Platform: 
  darwin x64

Trace: 
  Error: https://pak.truesoftware.net/@proj%2flibrary: no such package available
      at Request.params.callback [as _callback] (/Users/gevik/.yarn/lib/cli.js:66987:18)
      at Request.self.callback (/Users/gevik/.yarn/lib/cli.js:140748:22)
      at Request.emit (events.js:310:20)
      at Request.<anonymous> (/Users/gevik/.yarn/lib/cli.js:141720:10)
      at Request.emit (events.js:310:20)
      at IncomingMessage.<anonymous> (/Users/gevik/.yarn/lib/cli.js:141642:12)
      at Object.onceWrapper (events.js:416:28)
      at IncomingMessage.emit (events.js:322:22)
      at endReadableNT (_stream_readable.js:1187:12)
      at processTicksAndRejections (internal/process/task_queues.js:84:21)

npm manifest: 
  {
    "name": "@proj/app",
    "version": "1.0.0",
    "main": "index.js",
    "license": "MIT"
  }

yarn manifest: 
  No manifest

Lockfile: 
  No lockfile
